# JRE version: OpenJDK Runtime Environment Corretto-11.0.8.10.1 (11.0.8+10) (build 11.0.8+10-LTS)
# Java VM: OpenJDK 64-Bit Server VM Corretto-11.0.8.10.1 (11.0.8+10-LTS, mixed mode, tiered, compressed oops, g1 gc, windows-amd64)
Heap:
 garbage-first heap   total 312320K, used 47209K [0x0000000702400000, 0x0000000800000000)
  region size 1024K, 38 young (38912K), 19 survivors (19456K)
 Metaspace       used 79237K, capacity 81182K, committed 81280K, reserved 1120256K
  class space    used 10075K, capacity 10863K, committed 10880K, reserved 1048576K
GC Heap History (16 events):
Event: 0.729 GC heap before
{Heap before GC invocations=0 (full 0):
 garbage-first heap   total 260096K, used 24576K [0x0000000702400000, 0x0000000800000000)
  region size 1024K, 24 young (24576K), 0 survivors (0K)
 Metaspace       used 12111K, capacity 12380K, committed 12544K, reserved 1060864K
  class space    used 1188K, capacity 1255K, committed 1280K, reserved 1048576K
}
Event: 0.733 GC heap after
{Heap after GC invocations=1 (full 0):
 garbage-first heap   total 260096K, used 6798K [0x0000000702400000, 0x0000000800000000)
  region size 1024K, 3 young (3072K), 3 survivors (3072K)
 Metaspace       used 12111K, capacity 12380K, committed 12544K, reserved 1060864K
  class space    used 1188K, capacity 1255K, committed 1280K, reserved 1048576K
}
Event: 1.355 GC heap before
{Heap before GC invocations=1 (full 0):
 garbage-first heap   total 260096K, used 54926K [0x0000000702400000, 0x0000000800000000)
  region size 1024K, 51 young (52224K), 3 survivors (3072K)
 Metaspace       used 20797K, capacity 21206K, committed 21248K, reserved 1069056K
  class space    used 2389K, capacity 2546K, committed 2560K, reserved 1048576K
}
Event: 1.361 GC heap after
{Heap after GC invocations=2 (full 0):
 garbage-first heap   total 260096K, used 9148K [0x0000000702400000, 0x0000000800000000)
  region size 1024K, 6 young (6144K), 6 survivors (6144K)
 Metaspace       used 20797K, capacity 21206K, committed 21248K, reserved 1069056K
  class space    used 2389K, capacity 2546K, committed 2560K, reserved 1048576K
}
Event: 2.066 GC heap before
{Heap before GC invocations=3 (full 0):
 garbage-first heap   total 260096K, used 59324K [0x0000000702400000, 0x0000000800000000)
  region size 1024K, 55 young (56320K), 6 survivors (6144K)
 Metaspace       used 27907K, capacity 28503K, committed 28672K, reserved 1075200K
  class space    used 3276K, capacity 3533K, committed 3584K, reserved 1048576K
}
Event: 2.073 GC heap after
{Heap after GC invocations=4 (full 0):
 garbage-first heap   total 260096K, used 11344K [0x0000000702400000, 0x0000000800000000)
  region size 1024K, 5 young (5120K), 5 survivors (5120K)
 Metaspace       used 27907K, capacity 28503K, committed 28672K, reserved 1075200K
  class space    used 3276K, capacity 3533K, committed 3584K, reserved 1048576K
}
Event: 2.620 GC heap before
{Heap before GC invocations=4 (full 0):
 garbage-first heap   total 260096K, used 117840K [0x0000000702400000, 0x0000000800000000)
  region size 1024K, 110 young (112640K), 5 survivors (5120K)
 Metaspace       used 29737K, capacity 30421K, committed 30720K, reserved 1077248K
  class space    used 3461K, capacity 3734K, committed 3840K, reserved 1048576K
}
Event: 2.625 GC heap after
{Heap after GC invocations=5 (full 0):
 garbage-first heap   total 260096K, used 13065K [0x0000000702400000, 0x0000000800000000)
  region size 1024K, 6 young (6144K), 6 survivors (6144K)
 Metaspace       used 29737K, capacity 30421K, committed 30720K, reserved 1077248K
  class space    used 3461K, capacity 3734K, committed 3840K, reserved 1048576K
}
Event: 3.765 GC heap before
{Heap before GC invocations=5 (full 0):
 garbage-first heap   total 260096K, used 61193K [0x0000000702400000, 0x0000000800000000)
  region size 1024K, 54 young (55296K), 6 survivors (6144K)
 Metaspace       used 34729K, capacity 35494K, committed 35584K, reserved 1081344K
  class space    used 4160K, capacity 4520K, committed 4608K, reserved 1048576K
}
Event: 3.774 GC heap after
{Heap after GC invocations=6 (full 0):
 garbage-first heap   total 260096K, used 14619K [0x0000000702400000, 0x0000000800000000)
  region size 1024K, 8 young (8192K), 8 survivors (8192K)
 Metaspace       used 34729K, capacity 35494K, committed 35584K, reserved 1081344K
  class space    used 4160K, capacity 4520K, committed 4608K, reserved 1048576K
}
Event: 5.972 GC heap before
{Heap before GC invocations=7 (full 0):
 garbage-first heap   total 260096K, used 149787K [0x0000000702400000, 0x0000000800000000)
  region size 1024K, 141 young (144384K), 8 survivors (8192K)
 Metaspace       used 48596K, capacity 49808K, committed 49920K, reserved 1093632K
  class space    used 5863K, capacity 6345K, committed 6400K, reserved 1048576K
}
Event: 5.984 GC heap after
{Heap after GC invocations=8 (full 0):
 garbage-first heap   total 312320K, used 20404K [0x0000000702400000, 0x0000000800000000)
  region size 1024K, 14 young (14336K), 14 survivors (14336K)
 Metaspace       used 48596K, capacity 49808K, committed 49920K, reserved 1093632K
  class space    used 5863K, capacity 6345K, committed 6400K, reserved 1048576K
}
Event: 6.888 GC heap before
{Heap before GC invocations=8 (full 0):
 garbage-first heap   total 312320K, used 75700K [0x0000000702400000, 0x0000000800000000)
  region size 1024K, 69 young (70656K), 14 survivors (14336K)
 Metaspace       used 58203K, capacity 59583K, committed 59648K, reserved 1101824K
  class space    used 7332K, capacity 7888K, committed 7936K, reserved 1048576K
}
Event: 6.905 GC heap after
{Heap after GC invocations=9 (full 0):
 garbage-first heap   total 312320K, used 22895K [0x0000000702400000, 0x0000000800000000)
  region size 1024K, 14 young (14336K), 14 survivors (14336K)
 Metaspace       used 58203K, capacity 59583K, committed 59648K, reserved 1101824K
  class space    used 7332K, capacity 7888K, committed 7936K, reserved 1048576K
}
Event: 13.831 GC heap before
{Heap before GC invocations=10 (full 0):
 garbage-first heap   total 312320K, used 194927K [0x0000000702400000, 0x0000000800000000)
  region size 1024K, 183 young (187392K), 14 survivors (14336K)
 Metaspace       used 77142K, capacity 79094K, committed 79232K, reserved 1118208K
  class space    used 9838K, capacity 10598K, committed 10624K, reserved 1048576K
}
Event: 13.846 GC heap after
{Heap after GC invocations=11 (full 0):
 garbage-first heap   total 312320K, used 29801K [0x0000000702400000, 0x0000000800000000)
  region size 1024K, 19 young (19456K), 19 survivors (19456K)
 Metaspace       used 77142K, capacity 79094K, committed 79232K, reserved 1118208K
  class space    used 9838K, capacity 10598K, committed 10624K, reserved 1048576K
}

