# JRE version: OpenJDK Runtime Environment Corretto-11.0.8.10.1 (11.0.8+10) (build 11.0.8+10-LTS)
# Java VM: OpenJDK 64-Bit Server VM Corretto-11.0.8.10.1 (11.0.8+10-LTS, mixed mode, tiered, compressed oops, g1 gc, windows-amd64)
Heap:
 garbage-first heap   total 312320K, used 20731K [0x0000000702400000, 0x0000000800000000)
  region size 1024K, 14 young (14336K), 14 survivors (14336K)
 Metaspace       used 50378K, capacity 51516K, committed 51664K, reserved 1093632K
  class space    used 6141K, capacity 6604K, committed 6656K, reserved 1048576K
GC Heap History (11 events):
Event: 1.157 GC heap before
{Heap before GC invocations=0 (full 0):
 garbage-first heap   total 260096K, used 24576K [0x0000000702400000, 0x0000000800000000)
  region size 1024K, 24 young (24576K), 0 survivors (0K)
 Metaspace       used 12288K, capacity 12603K, committed 12928K, reserved 1060864K
  class space    used 1194K, capacity 1286K, committed 1408K, reserved 1048576K
}
Event: 1.171 GC heap after
{Heap after GC invocations=1 (full 0):
 garbage-first heap   total 260096K, used 7038K [0x0000000702400000, 0x0000000800000000)
  region size 1024K, 3 young (3072K), 3 survivors (3072K)
 Metaspace       used 12288K, capacity 12603K, committed 12928K, reserved 1060864K
  class space    used 1194K, capacity 1286K, committed 1408K, reserved 1048576K
}
Event: 1.908 GC heap before
{Heap before GC invocations=1 (full 0):
 garbage-first heap   total 260096K, used 55166K [0x0000000702400000, 0x0000000800000000)
  region size 1024K, 51 young (52224K), 3 survivors (3072K)
 Metaspace       used 20749K, capacity 21182K, committed 21248K, reserved 1069056K
  class space    used 2375K, capacity 2542K, committed 2560K, reserved 1048576K
}
Event: 1.916 GC heap after
{Heap after GC invocations=2 (full 0):
 garbage-first heap   total 260096K, used 9279K [0x0000000702400000, 0x0000000800000000)
  region size 1024K, 6 young (6144K), 6 survivors (6144K)
 Metaspace       used 20749K, capacity 21182K, committed 21248K, reserved 1069056K
  class space    used 2375K, capacity 2542K, committed 2560K, reserved 1048576K
}
Event: 2.879 GC heap before
{Heap before GC invocations=3 (full 0):
 garbage-first heap   total 260096K, used 63551K [0x0000000702400000, 0x0000000800000000)
  region size 1024K, 59 young (60416K), 6 survivors (6144K)
 Metaspace       used 27974K, capacity 28634K, committed 28924K, reserved 1075200K
  class space    used 3278K, capacity 3533K, committed 3584K, reserved 1048576K
}
Event: 2.887 GC heap after
{Heap after GC invocations=4 (full 0):
 garbage-first heap   total 260096K, used 11265K [0x0000000702400000, 0x0000000800000000)
  region size 1024K, 5 young (5120K), 5 survivors (5120K)
 Metaspace       used 27974K, capacity 28634K, committed 28924K, reserved 1075200K
  class space    used 3278K, capacity 3533K, committed 3584K, reserved 1048576K
}
Event: 3.861 GC heap before
{Heap before GC invocations=4 (full 0):
 garbage-first heap   total 260096K, used 144385K [0x0000000702400000, 0x0000000800000000)
  region size 1024K, 136 young (139264K), 5 survivors (5120K)
 Metaspace       used 32413K, capacity 33169K, committed 33404K, reserved 1079296K
  class space    used 3836K, capacity 4152K, committed 4224K, reserved 1048576K
}
Event: 3.867 GC heap after
{Heap after GC invocations=5 (full 0):
 garbage-first heap   total 260096K, used 13707K [0x0000000702400000, 0x0000000800000000)
  region size 1024K, 7 young (7168K), 7 survivors (7168K)
 Metaspace       used 32413K, capacity 33169K, committed 33404K, reserved 1079296K
  class space    used 3836K, capacity 4152K, committed 4224K, reserved 1048576K
}
Event: 4.284 GC heap before
{Heap before GC invocations=5 (full 0):
 garbage-first heap   total 260096K, used 37259K [0x0000000702400000, 0x0000000800000000)
  region size 1024K, 31 young (31744K), 7 survivors (7168K)
 Metaspace       used 35197K, capacity 36010K, committed 36048K, reserved 1081344K
  class space    used 4218K, capacity 4577K, committed 4608K, reserved 1048576K
}
Event: 4.296 GC heap after
{Heap after GC invocations=6 (full 0):
 garbage-first heap   total 260096K, used 15172K [0x0000000702400000, 0x0000000800000000)
  region size 1024K, 8 young (8192K), 8 survivors (8192K)
 Metaspace       used 35197K, capacity 36010K, committed 36048K, reserved 1081344K
  class space    used 4218K, capacity 4577K, committed 4608K, reserved 1048576K
}
Event: 6.297 GC heap before
{Heap before GC invocations=7 (full 0):
 garbage-first heap   total 260096K, used 161604K [0x0000000702400000, 0x0000000800000000)
  region size 1024K, 152 young (155648K), 8 survivors (8192K)
 Metaspace       used 50378K, capacity 51516K, committed 51664K, reserved 1093632K
  class space    used 6141K, capacity 6604K, committed 6656K, reserved 1048576K
}

