# JRE version: OpenJDK Runtime Environment Corretto-11.0.8.10.1 (11.0.8+10) (build 11.0.8+10-LTS)
# Java VM: OpenJDK 64-Bit Server VM Corretto-11.0.8.10.1 (11.0.8+10-LTS, mixed mode, tiered, compressed oops, g1 gc, windows-amd64)
Heap:
 garbage-first heap   total 312320K, used 163419K [0x0000000702400000, 0x0000000800000000)
  region size 1024K, 143 young (146432K), 18 survivors (18432K)
 Metaspace       used 80407K, capacity 82601K, committed 82688K, reserved 1120256K
  class space    used 10306K, capacity 11187K, committed 11264K, reserved 1048576K
GC Heap History (20 events):
Event: 0.638 GC heap before
{Heap before GC invocations=0 (full 0):
 garbage-first heap   total 260096K, used 24576K [0x0000000702400000, 0x0000000800000000)
  region size 1024K, 24 young (24576K), 0 survivors (0K)
 Metaspace       used 9376K, capacity 9599K, committed 9728K, reserved 1058816K
  class space    used 842K, capacity 908K, committed 1024K, reserved 1048576K
}
Event: 0.650 GC heap after
{Heap after GC invocations=1 (full 0):
 garbage-first heap   total 260096K, used 9400K [0x0000000702400000, 0x0000000800000000)
  region size 1024K, 3 young (3072K), 3 survivors (3072K)
 Metaspace       used 9376K, capacity 9599K, committed 9728K, reserved 1058816K
  class space    used 842K, capacity 908K, committed 1024K, reserved 1048576K
}
Event: 1.037 GC heap before
{Heap before GC invocations=1 (full 0):
 garbage-first heap   total 260096K, used 26808K [0x0000000702400000, 0x0000000800000000)
  region size 1024K, 20 young (20480K), 3 survivors (3072K)
 Metaspace       used 12712K, capacity 13163K, committed 13312K, reserved 1060864K
  class space    used 1284K, capacity 1421K, committed 1536K, reserved 1048576K
}
Event: 1.040 GC heap after
{Heap after GC invocations=2 (full 0):
 garbage-first heap   total 260096K, used 10217K [0x0000000702400000, 0x0000000800000000)
  region size 1024K, 1 young (1024K), 1 survivors (1024K)
 Metaspace       used 12712K, capacity 13163K, committed 13312K, reserved 1060864K
  class space    used 1284K, capacity 1421K, committed 1536K, reserved 1048576K
}
Event: 2.223 GC heap before
{Heap before GC invocations=2 (full 0):
 garbage-first heap   total 260096K, used 58345K [0x0000000702400000, 0x0000000800000000)
  region size 1024K, 48 young (49152K), 1 survivors (1024K)
 Metaspace       used 19894K, capacity 20538K, committed 20608K, reserved 1067008K
  class space    used 2159K, capacity 2395K, committed 2432K, reserved 1048576K
}
Event: 2.226 GC heap after
{Heap after GC invocations=3 (full 0):
 garbage-first heap   total 260096K, used 11890K [0x0000000702400000, 0x0000000800000000)
  region size 1024K, 3 young (3072K), 3 survivors (3072K)
 Metaspace       used 19894K, capacity 20538K, committed 20608K, reserved 1067008K
  class space    used 2159K, capacity 2395K, committed 2432K, reserved 1048576K
}
Event: 2.280 GC heap before
{Heap before GC invocations=3 (full 0):
 garbage-first heap   total 260096K, used 14962K [0x0000000702400000, 0x0000000800000000)
  region size 1024K, 7 young (7168K), 3 survivors (3072K)
 Metaspace       used 20508K, capacity 21149K, committed 21248K, reserved 1069056K
  class space    used 2229K, capacity 2471K, committed 2560K, reserved 1048576K
}
Event: 2.284 GC heap after
{Heap after GC invocations=4 (full 0):
 garbage-first heap   total 260096K, used 12150K [0x0000000702400000, 0x0000000800000000)
  region size 1024K, 3 young (3072K), 3 survivors (3072K)
 Metaspace       used 20508K, capacity 21149K, committed 21248K, reserved 1069056K
  class space    used 2229K, capacity 2471K, committed 2560K, reserved 1048576K
}
Event: 3.070 GC heap before
{Heap before GC invocations=5 (full 0):
 garbage-first heap   total 260096K, used 93046K [0x0000000702400000, 0x0000000800000000)
  region size 1024K, 83 young (84992K), 3 survivors (3072K)
 Metaspace       used 31671K, capacity 32464K, committed 32512K, reserved 1077248K
  class space    used 3733K, capacity 4056K, committed 4096K, reserved 1048576K
}
Event: 3.076 GC heap after
{Heap after GC invocations=6 (full 0):
 garbage-first heap   total 260096K, used 14916K [0x0000000702400000, 0x0000000800000000)
  region size 1024K, 6 young (6144K), 6 survivors (6144K)
 Metaspace       used 31671K, capacity 32464K, committed 32512K, reserved 1077248K
  class space    used 3733K, capacity 4056K, committed 4096K, reserved 1048576K
}
Event: 3.773 GC heap before
{Heap before GC invocations=6 (full 0):
 garbage-first heap   total 260096K, used 48708K [0x0000000702400000, 0x0000000800000000)
  region size 1024K, 40 young (40960K), 6 survivors (6144K)
 Metaspace       used 34817K, capacity 35764K, committed 35840K, reserved 1081344K
  class space    used 4163K, capacity 4565K, committed 4608K, reserved 1048576K
}
Event: 3.782 GC heap after
{Heap after GC invocations=7 (full 0):
 garbage-first heap   total 260096K, used 16811K [0x0000000702400000, 0x0000000800000000)
  region size 1024K, 8 young (8192K), 8 survivors (8192K)
 Metaspace       used 34817K, capacity 35764K, committed 35840K, reserved 1081344K
  class space    used 4163K, capacity 4565K, committed 4608K, reserved 1048576K
}
Event: 4.917 GC heap before
{Heap before GC invocations=8 (full 0):
 garbage-first heap   total 260096K, used 153003K [0x0000000702400000, 0x0000000800000000)
  region size 1024K, 142 young (145408K), 8 survivors (8192K)
 Metaspace       used 38382K, capacity 39429K, committed 39680K, reserved 1083392K
  class space    used 4613K, capacity 5045K, committed 5120K, reserved 1048576K
}
Event: 4.926 GC heap after
{Heap after GC invocations=9 (full 0):
 garbage-first heap   total 260096K, used 19132K [0x0000000702400000, 0x0000000800000000)
  region size 1024K, 10 young (10240K), 10 survivors (10240K)
 Metaspace       used 38382K, capacity 39429K, committed 39680K, reserved 1083392K
  class space    used 4613K, capacity 5045K, committed 5120K, reserved 1048576K
}
Event: 7.380 GC heap before
{Heap before GC invocations=9 (full 0):
 garbage-first heap   total 260096K, used 163516K [0x0000000702400000, 0x0000000800000000)
  region size 1024K, 152 young (155648K), 10 survivors (10240K)
 Metaspace       used 46100K, capacity 47433K, committed 47616K, reserved 1091584K
  class space    used 5596K, capacity 6142K, committed 6144K, reserved 1048576K
}
Event: 7.395 GC heap after
{Heap after GC invocations=10 (full 0):
 garbage-first heap   total 312320K, used 24109K [0x0000000702400000, 0x0000000800000000)
  region size 1024K, 15 young (15360K), 15 survivors (15360K)
 Metaspace       used 46100K, capacity 47433K, committed 47616K, reserved 1091584K
  class space    used 5596K, capacity 6142K, committed 6144K, reserved 1048576K
}
Event: 9.561 GC heap before
{Heap before GC invocations=10 (full 0):
 garbage-first heap   total 312320K, used 139821K [0x0000000702400000, 0x0000000800000000)
  region size 1024K, 129 young (132096K), 15 survivors (15360K)
 Metaspace       used 58405K, capacity 59911K, committed 60160K, reserved 1101824K
  class space    used 7332K, capacity 7936K, committed 7936K, reserved 1048576K
}
Event: 9.580 GC heap after
{Heap after GC invocations=11 (full 0):
 garbage-first heap   total 312320K, used 29360K [0x0000000702400000, 0x0000000800000000)
  region size 1024K, 18 young (18432K), 18 survivors (18432K)
 Metaspace       used 58405K, capacity 59911K, committed 60160K, reserved 1101824K
  class space    used 7332K, capacity 7936K, committed 7936K, reserved 1048576K
}
Event: 12.610 GC heap before
{Heap before GC invocations=12 (full 0):
 garbage-first heap   total 312320K, used 197296K [0x0000000702400000, 0x0000000800000000)
  region size 1024K, 183 young (187392K), 18 survivors (18432K)
 Metaspace       used 75521K, capacity 77500K, committed 77696K, reserved 1116160K
  class space    used 9690K, capacity 10501K, committed 10624K, reserved 1048576K
}
Event: 12.627 GC heap after
{Heap after GC invocations=13 (full 0):
 garbage-first heap   total 312320K, used 36443K [0x0000000702400000, 0x0000000800000000)
  region size 1024K, 18 young (18432K), 18 survivors (18432K)
 Metaspace       used 75521K, capacity 77500K, committed 77696K, reserved 1116160K
  class space    used 9690K, capacity 10501K, committed 10624K, reserved 1048576K
}

