# JRE version: OpenJDK Runtime Environment Corretto-11.0.8.10.1 (11.0.8+10) (build 11.0.8+10-LTS)
# Java VM: OpenJDK 64-Bit Server VM Corretto-11.0.8.10.1 (11.0.8+10-LTS, mixed mode, tiered, compressed oops, g1 gc, windows-amd64)
Heap:
 garbage-first heap   total 312320K, used 206047K [0x0000000702400000, 0x0000000800000000)
  region size 1024K, 151 young (154624K), 23 survivors (23552K)
 Metaspace       used 41373K, capacity 42516K, committed 42796K, reserved 1087488K
  class space    used 4228K, capacity 4611K, committed 4736K, reserved 1048576K
GC Heap History (16 events):
Event: 0.741 GC heap before
{Heap before GC invocations=0 (full 0):
 garbage-first heap   total 260096K, used 23552K [0x0000000702400000, 0x0000000800000000)
  region size 1024K, 24 young (24576K), 0 survivors (0K)
 Metaspace       used 12539K, capacity 12793K, committed 12928K, reserved 1060864K
  class space    used 1265K, capacity 1348K, committed 1408K, reserved 1048576K
}
Event: 0.745 GC heap after
{Heap after GC invocations=1 (full 0):
 garbage-first heap   total 260096K, used 3507K [0x0000000702400000, 0x0000000800000000)
  region size 1024K, 3 young (3072K), 3 survivors (3072K)
 Metaspace       used 12539K, capacity 12793K, committed 12928K, reserved 1060864K
  class space    used 1265K, capacity 1348K, committed 1408K, reserved 1048576K
}
Event: 2.257 GC heap before
{Heap before GC invocations=1 (full 0):
 garbage-first heap   total 260096K, used 91571K [0x0000000702400000, 0x0000000800000000)
  region size 1024K, 90 young (92160K), 3 survivors (3072K)
 Metaspace       used 20631K, capacity 21006K, committed 21248K, reserved 1069056K
  class space    used 2184K, capacity 2280K, committed 2304K, reserved 1048576K
}
Event: 2.285 GC heap after
{Heap after GC invocations=2 (full 0):
 garbage-first heap   total 260096K, used 12511K [0x0000000702400000, 0x0000000800000000)
  region size 1024K, 12 young (12288K), 12 survivors (12288K)
 Metaspace       used 20631K, capacity 21006K, committed 21248K, reserved 1069056K
  class space    used 2184K, capacity 2280K, committed 2304K, reserved 1048576K
}
Event: 3.934 GC heap before
{Heap before GC invocations=3 (full 0):
 garbage-first heap   total 260096K, used 101599K [0x0000000702400000, 0x0000000800000000)
  region size 1024K, 99 young (101376K), 12 survivors (12288K)
 Metaspace       used 22009K, capacity 22487K, committed 22656K, reserved 1069056K
  class space    used 2279K, capacity 2430K, committed 2432K, reserved 1048576K
}
Event: 3.950 GC heap after
{Heap after GC invocations=4 (full 0):
 garbage-first heap   total 260096K, used 16976K [0x0000000702400000, 0x0000000800000000)
  region size 1024K, 5 young (5120K), 5 survivors (5120K)
 Metaspace       used 22009K, capacity 22487K, committed 22656K, reserved 1069056K
  class space    used 2279K, capacity 2430K, committed 2432K, reserved 1048576K
}
Event: 5.294 GC heap before
{Heap before GC invocations=4 (full 0):
 garbage-first heap   total 260096K, used 124496K [0x0000000702400000, 0x0000000800000000)
  region size 1024K, 108 young (110592K), 5 survivors (5120K)
 Metaspace       used 31082K, capacity 31777K, committed 32000K, reserved 1077248K
  class space    used 3304K, capacity 3536K, committed 3584K, reserved 1048576K
}
Event: 5.304 GC heap after
{Heap after GC invocations=5 (full 0):
 garbage-first heap   total 260096K, used 28114K [0x0000000702400000, 0x0000000800000000)
  region size 1024K, 14 young (14336K), 14 survivors (14336K)
 Metaspace       used 31082K, capacity 31777K, committed 32000K, reserved 1077248K
  class space    used 3304K, capacity 3536K, committed 3584K, reserved 1048576K
}
Event: 6.815 GC heap before
{Heap before GC invocations=5 (full 0):
 garbage-first heap   total 260096K, used 161234K [0x0000000702400000, 0x0000000800000000)
  region size 1024K, 144 young (147456K), 14 survivors (14336K)
 Metaspace       used 34185K, capacity 34985K, committed 35200K, reserved 1081344K
  class space    used 3581K, capacity 3851K, committed 3968K, reserved 1048576K
}
Event: 6.833 GC heap after
{Heap after GC invocations=6 (full 0):
 garbage-first heap   total 260096K, used 43679K [0x0000000702400000, 0x0000000800000000)
  region size 1024K, 15 young (15360K), 15 survivors (15360K)
 Metaspace       used 34185K, capacity 34985K, committed 35200K, reserved 1081344K
  class space    used 3581K, capacity 3851K, committed 3968K, reserved 1048576K
}
Event: 7.169 GC heap before
{Heap before GC invocations=6 (full 0):
 garbage-first heap   total 260096K, used 77471K [0x0000000702400000, 0x0000000800000000)
  region size 1024K, 50 young (51200K), 15 survivors (15360K)
 Metaspace       used 34610K, capacity 35471K, committed 35628K, reserved 1081344K
  class space    used 3628K, capacity 3901K, committed 3968K, reserved 1048576K
}
Event: 7.191 GC heap after
{Heap after GC invocations=7 (full 0):
 garbage-first heap   total 312320K, used 45290K [0x0000000702400000, 0x0000000800000000)
  region size 1024K, 3 young (3072K), 3 survivors (3072K)
 Metaspace       used 34610K, capacity 35471K, committed 35628K, reserved 1081344K
  class space    used 3628K, capacity 3901K, committed 3968K, reserved 1048576K
}
Event: 9.187 GC heap before
{Heap before GC invocations=8 (full 0):
 garbage-first heap   total 312320K, used 224490K [0x0000000702400000, 0x0000000800000000)
  region size 1024K, 178 young (182272K), 3 survivors (3072K)
 Metaspace       used 37216K, capacity 38206K, committed 38444K, reserved 1083392K
  class space    used 3838K, capacity 4160K, committed 4224K, reserved 1048576K
}
Event: 9.194 GC heap after
{Heap after GC invocations=9 (full 0):
 garbage-first heap   total 312320K, used 47687K [0x0000000702400000, 0x0000000800000000)
  region size 1024K, 5 young (5120K), 5 survivors (5120K)
 Metaspace       used 37216K, capacity 38206K, committed 38444K, reserved 1083392K
  class space    used 3838K, capacity 4160K, committed 4224K, reserved 1048576K
}
Event: 10.401 GC heap before
{Heap before GC invocations=9 (full 0):
 garbage-first heap   total 312320K, used 230983K [0x0000000702400000, 0x0000000800000000)
  region size 1024K, 183 young (187392K), 5 survivors (5120K)
 Metaspace       used 38076K, capacity 39113K, committed 39340K, reserved 1085440K
  class space    used 3929K, capacity 4268K, committed 4352K, reserved 1048576K
}
Event: 10.414 GC heap after
{Heap after GC invocations=10 (full 0):
 garbage-first heap   total 312320K, used 73951K [0x0000000702400000, 0x0000000800000000)
  region size 1024K, 23 young (23552K), 23 survivors (23552K)
 Metaspace       used 38076K, capacity 39113K, committed 39340K, reserved 1085440K
  class space    used 3929K, capacity 4268K, committed 4352K, reserved 1048576K
}

