# JRE version: OpenJDK Runtime Environment Corretto-11.0.8.10.1 (11.0.8+10) (build 11.0.8+10-LTS)
# Java VM: OpenJDK 64-Bit Server VM Corretto-11.0.8.10.1 (11.0.8+10-LTS, mixed mode, tiered, compressed oops, g1 gc, windows-amd64)
Heap:
 garbage-first heap   total 312320K, used 70123K [0x0000000702400000, 0x0000000800000000)
  region size 1024K, 61 young (62464K), 13 survivors (13312K)
 Metaspace       used 64754K, capacity 66214K, committed 66432K, reserved 1107968K
  class space    used 8224K, capacity 8779K, committed 8832K, reserved 1048576K
GC Heap History (14 events):
Event: 1.121 GC heap before
{Heap before GC invocations=0 (full 0):
 garbage-first heap   total 260096K, used 24576K [0x0000000702400000, 0x0000000800000000)
  region size 1024K, 24 young (24576K), 0 survivors (0K)
 Metaspace       used 11283K, capacity 11561K, committed 11648K, reserved 1060864K
  class space    used 1065K, capacity 1130K, committed 1152K, reserved 1048576K
}
Event: 1.125 GC heap after
{Heap after GC invocations=1 (full 0):
 garbage-first heap   total 260096K, used 6657K [0x0000000702400000, 0x0000000800000000)
  region size 1024K, 3 young (3072K), 3 survivors (3072K)
 Metaspace       used 11283K, capacity 11561K, committed 11648K, reserved 1060864K
  class space    used 1065K, capacity 1130K, committed 1152K, reserved 1048576K
}
Event: 1.813 GC heap before
{Heap before GC invocations=1 (full 0):
 garbage-first heap   total 260096K, used 64001K [0x0000000702400000, 0x0000000800000000)
  region size 1024K, 60 young (61440K), 3 survivors (3072K)
 Metaspace       used 20764K, capacity 21199K, committed 21248K, reserved 1069056K
  class space    used 2376K, capacity 2541K, committed 2560K, reserved 1048576K
}
Event: 1.820 GC heap after
{Heap after GC invocations=2 (full 0):
 garbage-first heap   total 260096K, used 8898K [0x0000000702400000, 0x0000000800000000)
  region size 1024K, 6 young (6144K), 6 survivors (6144K)
 Metaspace       used 20764K, capacity 21199K, committed 21248K, reserved 1069056K
  class space    used 2376K, capacity 2541K, committed 2560K, reserved 1048576K
}
Event: 2.642 GC heap before
{Heap before GC invocations=3 (full 0):
 garbage-first heap   total 260096K, used 72386K [0x0000000702400000, 0x0000000800000000)
  region size 1024K, 69 young (70656K), 6 survivors (6144K)
 Metaspace       used 27952K, capacity 28602K, committed 28928K, reserved 1075200K
  class space    used 3261K, capacity 3498K, committed 3584K, reserved 1048576K
}
Event: 2.650 GC heap after
{Heap after GC invocations=4 (full 0):
 garbage-first heap   total 260096K, used 11084K [0x0000000702400000, 0x0000000800000000)
  region size 1024K, 5 young (5120K), 5 survivors (5120K)
 Metaspace       used 27952K, capacity 28602K, committed 28928K, reserved 1075200K
  class space    used 3261K, capacity 3498K, committed 3584K, reserved 1048576K
}
Event: 4.149 GC heap before
{Heap before GC invocations=4 (full 0):
 garbage-first heap   total 260096K, used 160588K [0x0000000702400000, 0x0000000800000000)
  region size 1024K, 152 young (155648K), 5 survivors (5120K)
 Metaspace       used 33985K, capacity 34760K, committed 34816K, reserved 1079296K
  class space    used 4024K, capacity 4336K, committed 4352K, reserved 1048576K
}
Event: 4.156 GC heap after
{Heap after GC invocations=5 (full 0):
 garbage-first heap   total 260096K, used 13888K [0x0000000702400000, 0x0000000800000000)
  region size 1024K, 8 young (8192K), 8 survivors (8192K)
 Metaspace       used 33985K, capacity 34760K, committed 34816K, reserved 1079296K
  class space    used 4024K, capacity 4336K, committed 4352K, reserved 1048576K
}
Event: 4.298 GC heap before
{Heap before GC invocations=5 (full 0):
 garbage-first heap   total 260096K, used 21056K [0x0000000702400000, 0x0000000800000000)
  region size 1024K, 16 young (16384K), 8 survivors (8192K)
 Metaspace       used 35000K, capacity 35757K, committed 35840K, reserved 1081344K
  class space    used 4159K, capacity 4453K, committed 4480K, reserved 1048576K
}
Event: 4.306 GC heap after
{Heap after GC invocations=6 (full 0):
 garbage-first heap   total 260096K, used 14376K [0x0000000702400000, 0x0000000800000000)
  region size 1024K, 8 young (8192K), 8 survivors (8192K)
 Metaspace       used 35000K, capacity 35757K, committed 35840K, reserved 1081344K
  class space    used 4159K, capacity 4453K, committed 4480K, reserved 1048576K
}
Event: 6.322 GC heap before
{Heap before GC invocations=7 (full 0):
 garbage-first heap   total 260096K, used 160808K [0x0000000702400000, 0x0000000800000000)
  region size 1024K, 152 young (155648K), 8 survivors (8192K)
 Metaspace       used 49178K, capacity 50366K, committed 50432K, reserved 1093632K
  class space    used 5865K, capacity 6351K, committed 6400K, reserved 1048576K
}
Event: 6.359 GC heap after
{Heap after GC invocations=8 (full 0):
 garbage-first heap   total 260096K, used 20081K [0x0000000702400000, 0x0000000800000000)
  region size 1024K, 14 young (14336K), 14 survivors (14336K)
 Metaspace       used 49178K, capacity 50366K, committed 50432K, reserved 1093632K
  class space    used 5865K, capacity 6351K, committed 6400K, reserved 1048576K
}
Event: 7.496 GC heap before
{Heap before GC invocations=8 (full 0):
 garbage-first heap   total 260096K, used 78449K [0x0000000702400000, 0x0000000800000000)
  region size 1024K, 73 young (74752K), 14 survivors (14336K)
 Metaspace       used 58711K, capacity 60077K, committed 60160K, reserved 1101824K
  class space    used 7325K, capacity 7853K, committed 7936K, reserved 1048576K
}
Event: 7.519 GC heap after
{Heap after GC invocations=9 (full 0):
 garbage-first heap   total 312320K, used 23019K [0x0000000702400000, 0x0000000800000000)
  region size 1024K, 13 young (13312K), 13 survivors (13312K)
 Metaspace       used 58711K, capacity 60077K, committed 60160K, reserved 1101824K
  class space    used 7325K, capacity 7853K, committed 7936K, reserved 1048576K
}

