# JRE version: OpenJDK Runtime Environment Corretto-11.0.8.10.1 (11.0.8+10) (build 11.0.8+10-LTS)
# Java VM: OpenJDK 64-Bit Server VM Corretto-11.0.8.10.1 (11.0.8+10-LTS, mixed mode, tiered, compressed oops, g1 gc, windows-amd64)
Heap:
 garbage-first heap   total 260096K, used 135761K [0x0000000702400000, 0x0000000800000000)
  region size 1024K, 121 young (123904K), 16 survivors (16384K)
 Metaspace       used 82169K, capacity 84170K, committed 84396K, reserved 1122304K
  class space    used 10169K, capacity 10978K, committed 11008K, reserved 1048576K
GC Heap History (16 events):
Event: 2.734 GC heap before
{Heap before GC invocations=0 (full 0):
 garbage-first heap   total 260096K, used 24576K [0x0000000702400000, 0x0000000800000000)
  region size 1024K, 24 young (24576K), 0 survivors (0K)
 Metaspace       used 11341K, capacity 11564K, committed 11648K, reserved 1060864K
  class space    used 1074K, capacity 1131K, committed 1152K, reserved 1048576K
}
Event: 2.744 GC heap after
{Heap after GC invocations=1 (full 0):
 garbage-first heap   total 260096K, used 6911K [0x0000000702400000, 0x0000000800000000)
  region size 1024K, 3 young (3072K), 3 survivors (3072K)
 Metaspace       used 11341K, capacity 11564K, committed 11648K, reserved 1060864K
  class space    used 1074K, capacity 1131K, committed 1152K, reserved 1048576K
}
Event: 3.630 GC heap before
{Heap before GC invocations=1 (full 0):
 garbage-first heap   total 260096K, used 64255K [0x0000000702400000, 0x0000000800000000)
  region size 1024K, 60 young (61440K), 3 survivors (3072K)
 Metaspace       used 20744K, capacity 21174K, committed 21248K, reserved 1069056K
  class space    used 2376K, capacity 2531K, committed 2560K, reserved 1048576K
}
Event: 3.636 GC heap after
{Heap after GC invocations=2 (full 0):
 garbage-first heap   total 260096K, used 9225K [0x0000000702400000, 0x0000000800000000)
  region size 1024K, 6 young (6144K), 6 survivors (6144K)
 Metaspace       used 20744K, capacity 21174K, committed 21248K, reserved 1069056K
  class space    used 2376K, capacity 2531K, committed 2560K, reserved 1048576K
}
Event: 4.656 GC heap before
{Heap before GC invocations=3 (full 0):
 garbage-first heap   total 260096K, used 72713K [0x0000000702400000, 0x0000000800000000)
  region size 1024K, 69 young (70656K), 6 survivors (6144K)
 Metaspace       used 27927K, capacity 28540K, committed 28672K, reserved 1075200K
  class space    used 3263K, capacity 3498K, committed 3584K, reserved 1048576K
}
Event: 4.662 GC heap after
{Heap after GC invocations=4 (full 0):
 garbage-first heap   total 260096K, used 11324K [0x0000000702400000, 0x0000000800000000)
  region size 1024K, 5 young (5120K), 5 survivors (5120K)
 Metaspace       used 27927K, capacity 28540K, committed 28672K, reserved 1075200K
  class space    used 3263K, capacity 3498K, committed 3584K, reserved 1048576K
}
Event: 6.449 GC heap before
{Heap before GC invocations=4 (full 0):
 garbage-first heap   total 260096K, used 160828K [0x0000000702400000, 0x0000000800000000)
  region size 1024K, 152 young (155648K), 5 survivors (5120K)
 Metaspace       used 34229K, capacity 35052K, committed 35200K, reserved 1079296K
  class space    used 4052K, capacity 4369K, committed 4480K, reserved 1048576K
}
Event: 6.457 GC heap after
{Heap after GC invocations=5 (full 0):
 garbage-first heap   total 260096K, used 14273K [0x0000000702400000, 0x0000000800000000)
  region size 1024K, 8 young (8192K), 8 survivors (8192K)
 Metaspace       used 34229K, capacity 35052K, committed 35200K, reserved 1079296K
  class space    used 4052K, capacity 4369K, committed 4480K, reserved 1048576K
}
Event: 6.534 GC heap before
{Heap before GC invocations=5 (full 0):
 garbage-first heap   total 260096K, used 16321K [0x0000000702400000, 0x0000000800000000)
  region size 1024K, 11 young (11264K), 8 survivors (8192K)
 Metaspace       used 34742K, capacity 35500K, committed 35628K, reserved 1081344K
  class space    used 4115K, capacity 4411K, committed 4480K, reserved 1048576K
}
Event: 6.547 GC heap after
{Heap after GC invocations=6 (full 0):
 garbage-first heap   total 260096K, used 14637K [0x0000000702400000, 0x0000000800000000)
  region size 1024K, 8 young (8192K), 8 survivors (8192K)
 Metaspace       used 34742K, capacity 35500K, committed 35628K, reserved 1081344K
  class space    used 4115K, capacity 4411K, committed 4480K, reserved 1048576K
}
Event: 9.614 GC heap before
{Heap before GC invocations=7 (full 0):
 garbage-first heap   total 260096K, used 161069K [0x0000000702400000, 0x0000000800000000)
  region size 1024K, 152 young (155648K), 8 survivors (8192K)
 Metaspace       used 48667K, capacity 49825K, committed 50092K, reserved 1093632K
  class space    used 5795K, capacity 6279K, committed 6400K, reserved 1048576K
}
Event: 9.626 GC heap after
{Heap after GC invocations=8 (full 0):
 garbage-first heap   total 260096K, used 20341K [0x0000000702400000, 0x0000000800000000)
  region size 1024K, 14 young (14336K), 14 survivors (14336K)
 Metaspace       used 48667K, capacity 49825K, committed 50092K, reserved 1093632K
  class space    used 5795K, capacity 6279K, committed 6400K, reserved 1048576K
}
Event: 10.893 GC heap before
{Heap before GC invocations=8 (full 0):
 garbage-first heap   total 260096K, used 78709K [0x0000000702400000, 0x0000000800000000)
  region size 1024K, 73 young (74752K), 14 survivors (14336K)
 Metaspace       used 58294K, capacity 59601K, committed 59692K, reserved 1101824K
  class space    used 7269K, capacity 7779K, committed 7808K, reserved 1048576K
}
Event: 10.917 GC heap after
{Heap after GC invocations=9 (full 0):
 garbage-first heap   total 260096K, used 22904K [0x0000000702400000, 0x0000000800000000)
  region size 1024K, 13 young (13312K), 13 survivors (13312K)
 Metaspace       used 58294K, capacity 59601K, committed 59692K, reserved 1101824K
  class space    used 7269K, capacity 7779K, committed 7808K, reserved 1048576K
}
Event: 14.320 GC heap before
{Heap before GC invocations=10 (full 0):
 garbage-first heap   total 260096K, used 164216K [0x0000000702400000, 0x0000000800000000)
  region size 1024K, 152 young (155648K), 13 survivors (13312K)
 Metaspace       used 72339K, capacity 74085K, committed 74412K, reserved 1114112K
  class space    used 9199K, capacity 9899K, committed 9984K, reserved 1048576K
}
Event: 14.333 GC heap after
{Heap after GC invocations=11 (full 0):
 garbage-first heap   total 260096K, used 29265K [0x0000000702400000, 0x0000000800000000)
  region size 1024K, 16 young (16384K), 16 survivors (16384K)
 Metaspace       used 72339K, capacity 74085K, committed 74412K, reserved 1114112K
  class space    used 9199K, capacity 9899K, committed 9984K, reserved 1048576K
}

