# JRE version: OpenJDK Runtime Environment Corretto-11.0.8.10.1 (11.0.8+10) (build 11.0.8+10-LTS)
# Java VM: OpenJDK 64-Bit Server VM Corretto-11.0.8.10.1 (11.0.8+10-LTS, mixed mode, tiered, compressed oops, g1 gc, windows-amd64)
Heap:
 garbage-first heap   total 260096K, used 122113K [0x0000000702400000, 0x0000000800000000)
  region size 1024K, 115 young (117760K), 5 survivors (5120K)
 Metaspace       used 30412K, capacity 31117K, committed 31360K, reserved 1077248K
  class space    used 3582K, capacity 3871K, committed 3968K, reserved 1048576K
GC Heap History (8 events):
Event: 0.781 GC heap before
{Heap before GC invocations=0 (full 0):
 garbage-first heap   total 260096K, used 24576K [0x0000000702400000, 0x0000000800000000)
  region size 1024K, 24 young (24576K), 0 survivors (0K)
 Metaspace       used 11905K, capacity 12187K, committed 12288K, reserved 1060864K
  class space    used 1176K, capacity 1253K, committed 1280K, reserved 1048576K
}
Event: 0.786 GC heap after
{Heap after GC invocations=1 (full 0):
 garbage-first heap   total 260096K, used 7058K [0x0000000702400000, 0x0000000800000000)
  region size 1024K, 3 young (3072K), 3 survivors (3072K)
 Metaspace       used 11905K, capacity 12187K, committed 12288K, reserved 1060864K
  class space    used 1176K, capacity 1253K, committed 1280K, reserved 1048576K
}
Event: 1.435 GC heap before
{Heap before GC invocations=1 (full 0):
 garbage-first heap   total 260096K, used 38802K [0x0000000702400000, 0x0000000800000000)
  region size 1024K, 35 young (35840K), 3 survivors (3072K)
 Metaspace       used 19232K, capacity 19730K, committed 19968K, reserved 1067008K
  class space    used 2126K, capacity 2293K, committed 2304K, reserved 1048576K
}
Event: 1.440 GC heap after
{Heap after GC invocations=2 (full 0):
 garbage-first heap   total 260096K, used 9027K [0x0000000702400000, 0x0000000800000000)
  region size 1024K, 2 young (2048K), 2 survivors (2048K)
 Metaspace       used 19232K, capacity 19730K, committed 19968K, reserved 1067008K
  class space    used 2126K, capacity 2293K, committed 2304K, reserved 1048576K
}
Event: 1.576 GC heap before
{Heap before GC invocations=2 (full 0):
 garbage-first heap   total 260096K, used 18243K [0x0000000702400000, 0x0000000800000000)
  region size 1024K, 12 young (12288K), 2 survivors (2048K)
 Metaspace       used 20694K, capacity 21187K, committed 21248K, reserved 1069056K
  class space    used 2335K, capacity 2540K, committed 2560K, reserved 1048576K
}
Event: 1.580 GC heap after
{Heap after GC invocations=3 (full 0):
 garbage-first heap   total 260096K, used 9449K [0x0000000702400000, 0x0000000800000000)
  region size 1024K, 3 young (3072K), 3 survivors (3072K)
 Metaspace       used 20694K, capacity 21187K, committed 21248K, reserved 1069056K
  class space    used 2335K, capacity 2540K, committed 2560K, reserved 1048576K
}
Event: 2.091 GC heap before
{Heap before GC invocations=4 (full 0):
 garbage-first heap   total 260096K, used 56553K [0x0000000702400000, 0x0000000800000000)
  region size 1024K, 50 young (51200K), 3 survivors (3072K)
 Metaspace       used 26918K, capacity 27599K, committed 27776K, reserved 1073152K
  class space    used 3143K, capacity 3400K, committed 3456K, reserved 1048576K
}
Event: 2.096 GC heap after
{Heap after GC invocations=5 (full 0):
 garbage-first heap   total 260096K, used 11521K [0x0000000702400000, 0x0000000800000000)
  region size 1024K, 5 young (5120K), 5 survivors (5120K)
 Metaspace       used 26918K, capacity 27599K, committed 27776K, reserved 1073152K
  class space    used 3143K, capacity 3400K, committed 3456K, reserved 1048576K
}

