# JRE version: OpenJDK Runtime Environment Corretto-11.0.8.10.1 (11.0.8+10) (build 11.0.8+10-LTS)
# Java VM: OpenJDK 64-Bit Server VM Corretto-11.0.8.10.1 (11.0.8+10-LTS, mixed mode, tiered, compressed oops, g1 gc, windows-amd64)
Heap:
 garbage-first heap   total 374784K, used 54198K [0x0000000702400000, 0x0000000800000000)
  region size 1024K, 20 young (20480K), 20 survivors (20480K)
 Metaspace       used 95733K, capacity 98772K, committed 98892K, reserved 1134592K
  class space    used 12328K, capacity 13638K, committed 13696K, reserved 1048576K
GC Heap History (19 events):
Event: 0.436 GC heap before
{Heap before GC invocations=0 (full 0):
 garbage-first heap   total 260096K, used 24576K [0x0000000702400000, 0x0000000800000000)
  region size 1024K, 24 young (24576K), 0 survivors (0K)
 Metaspace       used 9342K, capacity 9595K, committed 9728K, reserved 1058816K
  class space    used 841K, capacity 908K, committed 1024K, reserved 1048576K
}
Event: 0.441 GC heap after
{Heap after GC invocations=1 (full 0):
 garbage-first heap   total 260096K, used 9018K [0x0000000702400000, 0x0000000800000000)
  region size 1024K, 3 young (3072K), 3 survivors (3072K)
 Metaspace       used 9342K, capacity 9595K, committed 9728K, reserved 1058816K
  class space    used 841K, capacity 908K, committed 1024K, reserved 1048576K
}
Event: 1.795 GC heap before
{Heap before GC invocations=1 (full 0):
 garbage-first heap   total 260096K, used 77626K [0x0000000702400000, 0x0000000800000000)
  region size 1024K, 71 young (72704K), 3 survivors (3072K)
 Metaspace       used 20565K, capacity 21148K, committed 21248K, reserved 1069056K
  class space    used 2233K, capacity 2472K, committed 2560K, reserved 1048576K
}
Event: 1.805 GC heap after
{Heap after GC invocations=2 (full 0):
 garbage-first heap   total 260096K, used 11892K [0x0000000702400000, 0x0000000800000000)
  region size 1024K, 6 young (6144K), 6 survivors (6144K)
 Metaspace       used 20565K, capacity 21148K, committed 21248K, reserved 1069056K
  class space    used 2233K, capacity 2472K, committed 2560K, reserved 1048576K
}
Event: 2.315 GC heap before
{Heap before GC invocations=3 (full 0):
 garbage-first heap   total 260096K, used 65140K [0x0000000702400000, 0x0000000800000000)
  region size 1024K, 58 young (59392K), 6 survivors (6144K)
 Metaspace       used 27258K, capacity 28076K, committed 28288K, reserved 1073152K
  class space    used 3300K, capacity 3641K, committed 3712K, reserved 1048576K
}
Event: 2.322 GC heap after
{Heap after GC invocations=4 (full 0):
 garbage-first heap   total 260096K, used 13507K [0x0000000702400000, 0x0000000800000000)
  region size 1024K, 5 young (5120K), 5 survivors (5120K)
 Metaspace       used 27258K, capacity 28076K, committed 28288K, reserved 1073152K
  class space    used 3300K, capacity 3641K, committed 3712K, reserved 1048576K
}
Event: 3.288 GC heap before
{Heap before GC invocations=4 (full 0):
 garbage-first heap   total 260096K, used 76995K [0x0000000702400000, 0x0000000800000000)
  region size 1024K, 68 young (69632K), 5 survivors (5120K)
 Metaspace       used 34812K, capacity 35771K, committed 35840K, reserved 1081344K
  class space    used 4167K, capacity 4569K, committed 4608K, reserved 1048576K
}
Event: 3.299 GC heap after
{Heap after GC invocations=5 (full 0):
 garbage-first heap   total 260096K, used 16404K [0x0000000702400000, 0x0000000800000000)
  region size 1024K, 8 young (8192K), 8 survivors (8192K)
 Metaspace       used 34812K, capacity 35771K, committed 35840K, reserved 1081344K
  class space    used 4167K, capacity 4569K, committed 4608K, reserved 1048576K
}
Event: 4.013 GC heap before
{Heap before GC invocations=6 (full 0):
 garbage-first heap   total 260096K, used 109588K [0x0000000702400000, 0x0000000800000000)
  region size 1024K, 100 young (102400K), 8 survivors (8192K)
 Metaspace       used 37957K, capacity 39008K, committed 39296K, reserved 1083392K
  class space    used 4542K, capacity 4949K, committed 4992K, reserved 1048576K
}
Event: 4.024 GC heap after
{Heap after GC invocations=7 (full 0):
 garbage-first heap   total 312320K, used 18640K [0x0000000702400000, 0x0000000800000000)
  region size 1024K, 8 young (8192K), 8 survivors (8192K)
 Metaspace       used 37957K, capacity 39008K, committed 39296K, reserved 1083392K
  class space    used 4542K, capacity 4949K, committed 4992K, reserved 1048576K
}
Event: 6.830 GC heap before
{Heap before GC invocations=7 (full 0):
 garbage-first heap   total 312320K, used 196816K [0x0000000702400000, 0x0000000800000000)
  region size 1024K, 183 young (187392K), 8 survivors (8192K)
 Metaspace       used 47484K, capacity 48928K, committed 49280K, reserved 1091584K
  class space    used 5798K, capacity 6415K, committed 6528K, reserved 1048576K
}
Event: 6.845 GC heap after
{Heap after GC invocations=8 (full 0):
 garbage-first heap   total 312320K, used 24475K [0x0000000702400000, 0x0000000800000000)
  region size 1024K, 13 young (13312K), 13 survivors (13312K)
 Metaspace       used 47484K, capacity 48928K, committed 49280K, reserved 1091584K
  class space    used 5798K, capacity 6415K, committed 6528K, reserved 1048576K
}
Event: 8.279 GC heap before
{Heap before GC invocations=8 (full 0):
 garbage-first heap   total 312320K, used 115611K [0x0000000702400000, 0x0000000800000000)
  region size 1024K, 103 young (105472K), 13 survivors (13312K)
 Metaspace       used 58409K, capacity 59967K, committed 60160K, reserved 1101824K
  class space    used 7285K, capacity 7914K, committed 7936K, reserved 1048576K
}
Event: 8.295 GC heap after
{Heap after GC invocations=9 (full 0):
 garbage-first heap   total 312320K, used 29155K [0x0000000702400000, 0x0000000800000000)
  region size 1024K, 16 young (16384K), 16 survivors (16384K)
 Metaspace       used 58409K, capacity 59967K, committed 60160K, reserved 1101824K
  class space    used 7285K, capacity 7914K, committed 7936K, reserved 1048576K
}
Event: 12.064 GC heap before
{Heap before GC invocations=10 (full 0):
 garbage-first heap   total 312320K, used 197091K [0x0000000702400000, 0x0000000800000000)
  region size 1024K, 181 young (185344K), 16 survivors (16384K)
 Metaspace       used 77082K, capacity 79228K, committed 79308K, reserved 1118208K
  class space    used 9858K, capacity 10714K, committed 10752K, reserved 1048576K
}
Event: 12.079 GC heap after
{Heap after GC invocations=11 (full 0):
 garbage-first heap   total 312320K, used 35682K [0x0000000702400000, 0x0000000800000000)
  region size 1024K, 18 young (18432K), 18 survivors (18432K)
 Metaspace       used 77082K, capacity 79228K, committed 79308K, reserved 1118208K
  class space    used 9858K, capacity 10714K, committed 10752K, reserved 1048576K
}
Event: 14.034 GC heap before
{Heap before GC invocations=11 (full 0):
 garbage-first heap   total 312320K, used 204642K [0x0000000702400000, 0x0000000800000000)
  region size 1024K, 183 young (187392K), 18 survivors (18432K)
 Metaspace       used 84162K, capacity 86448K, committed 86732K, reserved 1124352K
  class space    used 10786K, capacity 11717K, committed 11776K, reserved 1048576K
}
Event: 14.051 GC heap after
{Heap after GC invocations=12 (full 0):
 garbage-first heap   total 312320K, used 45512K [0x0000000702400000, 0x0000000800000000)
  region size 1024K, 21 young (21504K), 21 survivors (21504K)
 Metaspace       used 84162K, capacity 86448K, committed 86732K, reserved 1124352K
  class space    used 10786K, capacity 11717K, committed 11776K, reserved 1048576K
}
Event: 16.459 GC heap before
{Heap before GC invocations=12 (full 0):
 garbage-first heap   total 312320K, used 213448K [0x0000000702400000, 0x0000000800000000)
  region size 1024K, 183 young (187392K), 21 survivors (21504K)
 Metaspace       used 95733K, capacity 98772K, committed 98892K, reserved 1134592K
  class space    used 12328K, capacity 13638K, committed 13696K, reserved 1048576K
}

