# JRE version: OpenJDK Runtime Environment Corretto-11.0.8.10.1 (11.0.8+10) (build 11.0.8+10-LTS)
# Java VM: OpenJDK 64-Bit Server VM Corretto-11.0.8.10.1 (11.0.8+10-LTS, mixed mode, tiered, compressed oops, g1 gc, windows-amd64)
Heap:
 garbage-first heap   total 374784K, used 72205K [0x0000000702400000, 0x0000000800000000)
  region size 1024K, 49 young (50176K), 19 survivors (19456K)
 Metaspace       used 89473K, capacity 91980K, committed 92160K, reserved 1128448K
  class space    used 11433K, capacity 12446K, committed 12544K, reserved 1048576K
GC Heap History (20 events):
Event: 0.383 GC heap before
{Heap before GC invocations=0 (full 0):
 garbage-first heap   total 260096K, used 24576K [0x0000000702400000, 0x0000000800000000)
  region size 1024K, 24 young (24576K), 0 survivors (0K)
 Metaspace       used 9349K, capacity 9595K, committed 9728K, reserved 1058816K
  class space    used 840K, capacity 908K, committed 1024K, reserved 1048576K
}
Event: 0.388 GC heap after
{Heap after GC invocations=1 (full 0):
 garbage-first heap   total 260096K, used 9151K [0x0000000702400000, 0x0000000800000000)
  region size 1024K, 3 young (3072K), 3 survivors (3072K)
 Metaspace       used 9349K, capacity 9595K, committed 9728K, reserved 1058816K
  class space    used 840K, capacity 908K, committed 1024K, reserved 1048576K
}
Event: 1.550 GC heap before
{Heap before GC invocations=1 (full 0):
 garbage-first heap   total 260096K, used 77759K [0x0000000702400000, 0x0000000800000000)
  region size 1024K, 71 young (72704K), 3 survivors (3072K)
 Metaspace       used 20556K, capacity 21147K, committed 21248K, reserved 1069056K
  class space    used 2234K, capacity 2472K, committed 2560K, reserved 1048576K
}
Event: 1.557 GC heap after
{Heap after GC invocations=2 (full 0):
 garbage-first heap   total 260096K, used 11891K [0x0000000702400000, 0x0000000800000000)
  region size 1024K, 6 young (6144K), 6 survivors (6144K)
 Metaspace       used 20556K, capacity 21147K, committed 21248K, reserved 1069056K
  class space    used 2234K, capacity 2472K, committed 2560K, reserved 1048576K
}
Event: 1.895 GC heap before
{Heap before GC invocations=3 (full 0):
 garbage-first heap   total 260096K, used 47731K [0x0000000702400000, 0x0000000800000000)
  region size 1024K, 41 young (41984K), 6 survivors (6144K)
 Metaspace       used 24613K, capacity 25346K, committed 25600K, reserved 1071104K
  class space    used 2948K, capacity 3233K, committed 3328K, reserved 1048576K
}
Event: 1.900 GC heap after
{Heap after GC invocations=4 (full 0):
 garbage-first heap   total 260096K, used 12981K [0x0000000702400000, 0x0000000800000000)
  region size 1024K, 4 young (4096K), 4 survivors (4096K)
 Metaspace       used 24613K, capacity 25346K, committed 25600K, reserved 1071104K
  class space    used 2948K, capacity 3233K, committed 3328K, reserved 1048576K
}
Event: 2.877 GC heap before
{Heap before GC invocations=4 (full 0):
 garbage-first heap   total 260096K, used 92853K [0x0000000702400000, 0x0000000800000000)
  region size 1024K, 82 young (83968K), 4 survivors (4096K)
 Metaspace       used 34682K, capacity 35610K, committed 35840K, reserved 1081344K
  class space    used 4157K, capacity 4537K, committed 4608K, reserved 1048576K
}
Event: 2.884 GC heap after
{Heap after GC invocations=5 (full 0):
 garbage-first heap   total 260096K, used 16608K [0x0000000702400000, 0x0000000800000000)
  region size 1024K, 8 young (8192K), 8 survivors (8192K)
 Metaspace       used 34682K, capacity 35610K, committed 35840K, reserved 1081344K
  class space    used 4157K, capacity 4537K, committed 4608K, reserved 1048576K
}
Event: 2.906 GC heap before
{Heap before GC invocations=5 (full 0):
 garbage-first heap   total 260096K, used 19680K [0x0000000702400000, 0x0000000800000000)
  region size 1024K, 12 young (12288K), 8 survivors (8192K)
 Metaspace       used 34868K, capacity 35770K, committed 35840K, reserved 1081344K
  class space    used 4176K, capacity 4569K, committed 4608K, reserved 1048576K
}
Event: 2.916 GC heap after
{Heap after GC invocations=6 (full 0):
 garbage-first heap   total 312320K, used 16673K [0x0000000702400000, 0x0000000800000000)
  region size 1024K, 8 young (8192K), 8 survivors (8192K)
 Metaspace       used 34868K, capacity 35770K, committed 35840K, reserved 1081344K
  class space    used 4176K, capacity 4569K, committed 4608K, reserved 1048576K
}
Event: 3.565 GC heap before
{Heap before GC invocations=7 (full 0):
 garbage-first heap   total 312320K, used 141601K [0x0000000702400000, 0x0000000800000000)
  region size 1024K, 131 young (134144K), 8 survivors (8192K)
 Metaspace       used 37804K, capacity 38805K, committed 39040K, reserved 1083392K
  class space    used 4523K, capacity 4947K, committed 4992K, reserved 1048576K
}
Event: 3.571 GC heap after
{Heap after GC invocations=8 (full 0):
 garbage-first heap   total 312320K, used 18312K [0x0000000702400000, 0x0000000800000000)
  region size 1024K, 9 young (9216K), 9 survivors (9216K)
 Metaspace       used 37804K, capacity 38805K, committed 39040K, reserved 1083392K
  class space    used 4523K, capacity 4947K, committed 4992K, reserved 1048576K
}
Event: 5.804 GC heap before
{Heap before GC invocations=8 (full 0):
 garbage-first heap   total 312320K, used 195464K [0x0000000702400000, 0x0000000800000000)
  region size 1024K, 183 young (187392K), 9 survivors (9216K)
 Metaspace       used 47406K, capacity 48825K, committed 48896K, reserved 1091584K
  class space    used 5789K, capacity 6381K, committed 6400K, reserved 1048576K
}
Event: 5.815 GC heap after
{Heap after GC invocations=9 (full 0):
 garbage-first heap   total 312320K, used 24690K [0x0000000702400000, 0x0000000800000000)
  region size 1024K, 16 young (16384K), 16 survivors (16384K)
 Metaspace       used 47406K, capacity 48825K, committed 48896K, reserved 1091584K
  class space    used 5789K, capacity 6381K, committed 6400K, reserved 1048576K
}
Event: 7.103 GC heap before
{Heap before GC invocations=9 (full 0):
 garbage-first heap   total 312320K, used 117874K [0x0000000702400000, 0x0000000800000000)
  region size 1024K, 108 young (110592K), 16 survivors (16384K)
 Metaspace       used 58361K, capacity 59899K, committed 60160K, reserved 1101824K
  class space    used 7285K, capacity 7914K, committed 7936K, reserved 1048576K
}
Event: 7.119 GC heap after
{Heap after GC invocations=10 (full 0):
 garbage-first heap   total 312320K, used 29561K [0x0000000702400000, 0x0000000800000000)
  region size 1024K, 17 young (17408K), 17 survivors (17408K)
 Metaspace       used 58361K, capacity 59899K, committed 60160K, reserved 1101824K
  class space    used 7285K, capacity 7914K, committed 7936K, reserved 1048576K
}
Event: 10.359 GC heap before
{Heap before GC invocations=11 (full 0):
 garbage-first heap   total 312320K, used 198521K [0x0000000702400000, 0x0000000800000000)
  region size 1024K, 183 young (187392K), 17 survivors (17408K)
 Metaspace       used 77116K, capacity 79284K, committed 79360K, reserved 1118208K
  class space    used 9866K, capacity 10714K, committed 10752K, reserved 1048576K
}
Event: 10.377 GC heap after
{Heap after GC invocations=12 (full 0):
 garbage-first heap   total 374784K, used 36144K [0x0000000702400000, 0x0000000800000000)
  region size 1024K, 18 young (18432K), 18 survivors (18432K)
 Metaspace       used 77116K, capacity 79284K, committed 79360K, reserved 1118208K
  class space    used 9866K, capacity 10714K, committed 10752K, reserved 1048576K
}
Event: 12.559 GC heap before
{Heap before GC invocations=12 (full 0):
 garbage-first heap   total 374784K, used 244016K [0x0000000702400000, 0x0000000800000000)
  region size 1024K, 219 young (224256K), 18 survivors (18432K)
 Metaspace       used 88216K, capacity 90615K, committed 90880K, reserved 1128448K
  class space    used 11232K, capacity 12211K, committed 12288K, reserved 1048576K
}
Event: 12.575 GC heap after
{Heap after GC invocations=13 (full 0):
 garbage-first heap   total 374784K, used 42509K [0x0000000702400000, 0x0000000800000000)
  region size 1024K, 19 young (19456K), 19 survivors (19456K)
 Metaspace       used 88216K, capacity 90615K, committed 90880K, reserved 1128448K
  class space    used 11232K, capacity 12211K, committed 12288K, reserved 1048576K
}

