# JRE version: OpenJDK Runtime Environment Corretto-11.0.8.10.1 (11.0.8+10) (build 11.0.8+10-LTS)
# Java VM: OpenJDK 64-Bit Server VM Corretto-11.0.8.10.1 (11.0.8+10-LTS, mixed mode, tiered, compressed oops, g1 gc, windows-amd64)
Heap:
 garbage-first heap   total 260096K, used 58203K [0x0000000702400000, 0x0000000800000000)
  region size 1024K, 52 young (53248K), 13 survivors (13312K)
 Metaspace       used 47062K, capacity 48670K, committed 48768K, reserved 1091584K
  class space    used 5835K, capacity 6500K, committed 6528K, reserved 1048576K
GC Heap History (12 events):
Event: 0.750 GC heap before
{Heap before GC invocations=0 (full 0):
 garbage-first heap   total 260096K, used 24576K [0x0000000702400000, 0x0000000800000000)
  region size 1024K, 24 young (24576K), 0 survivors (0K)
 Metaspace       used 10693K, capacity 11080K, committed 11264K, reserved 1058816K
  class space    used 1081K, capacity 1230K, committed 1280K, reserved 1048576K
}
Event: 0.755 GC heap after
{Heap after GC invocations=1 (full 0):
 garbage-first heap   total 260096K, used 7626K [0x0000000702400000, 0x0000000800000000)
  region size 1024K, 3 young (3072K), 3 survivors (3072K)
 Metaspace       used 10693K, capacity 11080K, committed 11264K, reserved 1058816K
  class space    used 1081K, capacity 1230K, committed 1280K, reserved 1048576K
}
Event: 11.246 GC heap before
{Heap before GC invocations=1 (full 0):
 garbage-first heap   total 260096K, used 75210K [0x0000000702400000, 0x0000000800000000)
  region size 1024K, 55 young (56320K), 3 survivors (3072K)
 Metaspace       used 20561K, capacity 21175K, committed 21296K, reserved 1069056K
  class space    used 2204K, capacity 2483K, committed 2560K, reserved 1048576K
}
Event: 11.252 GC heap after
{Heap after GC invocations=2 (full 0):
 garbage-first heap   total 260096K, used 10616K [0x0000000702400000, 0x0000000800000000)
  region size 1024K, 6 young (6144K), 6 survivors (6144K)
 Metaspace       used 20561K, capacity 21175K, committed 21296K, reserved 1069056K
  class space    used 2204K, capacity 2483K, committed 2560K, reserved 1048576K
}
Event: 11.696 GC heap before
{Heap before GC invocations=3 (full 0):
 garbage-first heap   total 260096K, used 52600K [0x0000000702400000, 0x0000000800000000)
  region size 1024K, 47 young (48128K), 6 survivors (6144K)
 Metaspace       used 25774K, capacity 26572K, committed 26624K, reserved 1073152K
  class space    used 2984K, capacity 3326K, committed 3328K, reserved 1048576K
}
Event: 11.701 GC heap after
{Heap after GC invocations=4 (full 0):
 garbage-first heap   total 260096K, used 12131K [0x0000000702400000, 0x0000000800000000)
  region size 1024K, 5 young (5120K), 5 survivors (5120K)
 Metaspace       used 25774K, capacity 26572K, committed 26624K, reserved 1073152K
  class space    used 2984K, capacity 3326K, committed 3328K, reserved 1048576K
}
Event: 12.224 GC heap before
{Heap before GC invocations=4 (full 0):
 garbage-first heap   total 260096K, used 81763K [0x0000000702400000, 0x0000000800000000)
  region size 1024K, 74 young (75776K), 5 survivors (5120K)
 Metaspace       used 33078K, capacity 34097K, committed 34304K, reserved 1079296K
  class space    used 3917K, capacity 4344K, committed 4352K, reserved 1048576K
}
Event: 12.231 GC heap after
{Heap after GC invocations=5 (full 0):
 garbage-first heap   total 260096K, used 14506K [0x0000000702400000, 0x0000000800000000)
  region size 1024K, 7 young (7168K), 7 survivors (7168K)
 Metaspace       used 33078K, capacity 34097K, committed 34304K, reserved 1079296K
  class space    used 3917K, capacity 4344K, committed 4352K, reserved 1048576K
}
Event: 12.484 GC heap before
{Heap before GC invocations=5 (full 0):
 garbage-first heap   total 260096K, used 98474K [0x0000000702400000, 0x0000000800000000)
  region size 1024K, 91 young (93184K), 7 survivors (7168K)
 Metaspace       used 34798K, capacity 35819K, committed 35840K, reserved 1081344K
  class space    used 4151K, capacity 4602K, committed 4608K, reserved 1048576K
}
Event: 12.493 GC heap after
{Heap after GC invocations=6 (full 0):
 garbage-first heap   total 260096K, used 15492K [0x0000000702400000, 0x0000000800000000)
  region size 1024K, 8 young (8192K), 8 survivors (8192K)
 Metaspace       used 34798K, capacity 35819K, committed 35840K, reserved 1081344K
  class space    used 4151K, capacity 4602K, committed 4608K, reserved 1048576K
}
Event: 14.306 GC heap before
{Heap before GC invocations=7 (full 0):
 garbage-first heap   total 260096K, used 161924K [0x0000000702400000, 0x0000000800000000)
  region size 1024K, 152 young (155648K), 8 survivors (8192K)
 Metaspace       used 44780K, capacity 46246K, committed 46336K, reserved 1089536K
  class space    used 5495K, capacity 6090K, committed 6144K, reserved 1048576K
}
Event: 14.317 GC heap after
{Heap after GC invocations=8 (full 0):
 garbage-first heap   total 260096K, used 20315K [0x0000000702400000, 0x0000000800000000)
  region size 1024K, 13 young (13312K), 13 survivors (13312K)
 Metaspace       used 44780K, capacity 46246K, committed 46336K, reserved 1089536K
  class space    used 5495K, capacity 6090K, committed 6144K, reserved 1048576K
}

