# JRE version: OpenJDK Runtime Environment Corretto-11.0.8.10.1 (11.0.8+10) (build 11.0.8+10-LTS)
# Java VM: OpenJDK 64-Bit Server VM Corretto-11.0.8.10.1 (11.0.8+10-LTS, mixed mode, tiered, compressed oops, g1 gc, windows-amd64)
Heap:
 garbage-first heap   total 260096K, used 29068K [0x0000000702400000, 0x0000000800000000)
  region size 1024K, 23 young (23552K), 5 survivors (5120K)
 Metaspace       used 29251K, capacity 30151K, committed 30336K, reserved 1075200K
  class space    used 3517K, capacity 3906K, committed 3968K, reserved 1048576K
GC Heap History (6 events):
Event: 0.902 GC heap before
{Heap before GC invocations=0 (full 0):
 garbage-first heap   total 260096K, used 24576K [0x0000000702400000, 0x0000000800000000)
  region size 1024K, 24 young (24576K), 0 survivors (0K)
 Metaspace       used 10662K, capacity 11052K, committed 11264K, reserved 1058816K
  class space    used 1075K, capacity 1220K, committed 1280K, reserved 1048576K
}
Event: 0.907 GC heap after
{Heap after GC invocations=1 (full 0):
 garbage-first heap   total 260096K, used 7361K [0x0000000702400000, 0x0000000800000000)
  region size 1024K, 3 young (3072K), 3 survivors (3072K)
 Metaspace       used 10662K, capacity 11052K, committed 11264K, reserved 1058816K
  class space    used 1075K, capacity 1220K, committed 1280K, reserved 1048576K
}
Event: 11.052 GC heap before
{Heap before GC invocations=1 (full 0):
 garbage-first heap   total 260096K, used 74945K [0x0000000702400000, 0x0000000800000000)
  region size 1024K, 55 young (56320K), 3 survivors (3072K)
 Metaspace       used 20527K, capacity 21169K, committed 21248K, reserved 1069056K
  class space    used 2198K, capacity 2481K, committed 2560K, reserved 1048576K
}
Event: 11.059 GC heap after
{Heap after GC invocations=2 (full 0):
 garbage-first heap   total 260096K, used 10607K [0x0000000702400000, 0x0000000800000000)
  region size 1024K, 7 young (7168K), 7 survivors (7168K)
 Metaspace       used 20527K, capacity 21169K, committed 21248K, reserved 1069056K
  class space    used 2198K, capacity 2481K, committed 2560K, reserved 1048576K
}
Event: 11.572 GC heap before
{Heap before GC invocations=3 (full 0):
 garbage-first heap   total 260096K, used 62831K [0x0000000702400000, 0x0000000800000000)
  region size 1024K, 59 young (60416K), 7 survivors (7168K)
 Metaspace       used 26966K, capacity 27784K, committed 27904K, reserved 1073152K
  class space    used 3196K, capacity 3540K, committed 3584K, reserved 1048576K
}
Event: 11.579 GC heap after
{Heap after GC invocations=4 (full 0):
 garbage-first heap   total 260096K, used 12684K [0x0000000702400000, 0x0000000800000000)
  region size 1024K, 5 young (5120K), 5 survivors (5120K)
 Metaspace       used 26966K, capacity 27784K, committed 27904K, reserved 1073152K
  class space    used 3196K, capacity 3540K, committed 3584K, reserved 1048576K
}

